<?xml version="1.0" encoding="UTF-8"?>
<testng-results skipped="0" failed="0" total="53" passed="53">
  <reporter-output>
  </reporter-output>
  <suite name="Default suite" duration-ms="142643" started-at="2017-01-01T08:59:55Z" finished-at="2017-01-01T09:02:18Z">
    <groups>
    </groups>
    <test name="Default test" duration-ms="142643" started-at="2017-01-01T08:59:55Z" finished-at="2017-01-01T09:02:18Z">
      <class name="example.NewTest">
        <test-method status="PASS" signature="beforeTest()[pri:0, instance:example.NewTest@6e06451e]" name="beforeTest" is-config="true" duration-ms="123537" started-at="2017-01-01T14:29:55Z" finished-at="2017-01-01T14:31:59Z">
          <reporter-output>
          </reporter-output>
        </test-method> <!-- beforeTest -->
        <test-method status="PASS" signature="Static_Data_Amount_PublicRecords()[pri:0, instance:example.NewTest@6e06451e]" name="Static_Data_Amount_PublicRecords" duration-ms="415" started-at="2017-01-01T14:31:59Z" finished-at="2017-01-01T14:31:59Z">
          <reporter-output>
          </reporter-output>
        </test-method> <!-- Static_Data_Amount_PublicRecords -->
        <test-method status="PASS" signature="Static_Data_Balance_Accounts1()[pri:0, instance:example.NewTest@6e06451e]" name="Static_Data_Balance_Accounts1" duration-ms="307" started-at="2017-01-01T14:31:59Z" finished-at="2017-01-01T14:31:59Z">
          <reporter-output>
          </reporter-output>
        </test-method> <!-- Static_Data_Balance_Accounts1 -->
        <test-method status="PASS" signature="Static_Data_Balance_Accounts2()[pri:0, instance:example.NewTest@6e06451e]" name="Static_Data_Balance_Accounts2" duration-ms="262" started-at="2017-01-01T14:31:59Z" finished-at="2017-01-01T14:32:00Z">
          <reporter-output>
          </reporter-output>
        </test-method> <!-- Static_Data_Balance_Accounts2 -->
        <test-method status="PASS" signature="Static_Data_Balance_Accounts3()[pri:0, instance:example.NewTest@6e06451e]" name="Static_Data_Balance_Accounts3" duration-ms="271" started-at="2017-01-01T14:32:00Z" finished-at="2017-01-01T14:32:00Z">
          <reporter-output>
          </reporter-output>
        </test-method> <!-- Static_Data_Balance_Accounts3 -->
        <test-method status="PASS" signature="Static_Data_Balance_Accounts4()[pri:0, instance:example.NewTest@6e06451e]" name="Static_Data_Balance_Accounts4" duration-ms="229" started-at="2017-01-01T14:32:00Z" finished-at="2017-01-01T14:32:00Z">
          <reporter-output>
          </reporter-output>
        </test-method> <!-- Static_Data_Balance_Accounts4 -->
        <test-method status="PASS" signature="Static_Data_Balance_Accounts5()[pri:0, instance:example.NewTest@6e06451e]" name="Static_Data_Balance_Accounts5" duration-ms="451" started-at="2017-01-01T14:32:00Z" finished-at="2017-01-01T14:32:01Z">
          <reporter-output>
          </reporter-output>
        </test-method> <!-- Static_Data_Balance_Accounts5 -->
        <test-method status="PASS" signature="Static_Data_Balance_Accounts6()[pri:0, instance:example.NewTest@6e06451e]" name="Static_Data_Balance_Accounts6" duration-ms="190" started-at="2017-01-01T14:32:01Z" finished-at="2017-01-01T14:32:01Z">
          <reporter-output>
          </reporter-output>
        </test-method> <!-- Static_Data_Balance_Accounts6 -->
        <test-method status="PASS" signature="Static_Data_Balance_Accounts7()[pri:0, instance:example.NewTest@6e06451e]" name="Static_Data_Balance_Accounts7" duration-ms="256" started-at="2017-01-01T14:32:01Z" finished-at="2017-01-01T14:32:01Z">
          <reporter-output>
          </reporter-output>
        </test-method> <!-- Static_Data_Balance_Accounts7 -->
        <test-method status="PASS" signature="Static_Data_Balance_Accounts8()[pri:0, instance:example.NewTest@6e06451e]" name="Static_Data_Balance_Accounts8" duration-ms="294" started-at="2017-01-01T14:32:01Z" finished-at="2017-01-01T14:32:01Z">
          <reporter-output>
          </reporter-output>
        </test-method> <!-- Static_Data_Balance_Accounts8 -->
        <test-method status="PASS" signature="Static_Data_Balance_Collections1()[pri:0, instance:example.NewTest@6e06451e]" name="Static_Data_Balance_Collections1" duration-ms="300" started-at="2017-01-01T14:32:01Z" finished-at="2017-01-01T14:32:02Z">
          <reporter-output>
          </reporter-output>
        </test-method> <!-- Static_Data_Balance_Collections1 -->
        <test-method status="PASS" signature="Static_Data_Balance_Collections2()[pri:0, instance:example.NewTest@6e06451e]" name="Static_Data_Balance_Collections2" duration-ms="318" started-at="2017-01-01T14:32:02Z" finished-at="2017-01-01T14:32:02Z">
          <reporter-output>
          </reporter-output>
        </test-method> <!-- Static_Data_Balance_Collections2 -->
        <test-method status="PASS" signature="Static_Data_Balance_Collections3()[pri:0, instance:example.NewTest@6e06451e]" name="Static_Data_Balance_Collections3" duration-ms="245" started-at="2017-01-01T14:32:02Z" finished-at="2017-01-01T14:32:02Z">
          <reporter-output>
          </reporter-output>
        </test-method> <!-- Static_Data_Balance_Collections3 -->
        <test-method status="PASS" signature="Static_Data_Balance_Collections4()[pri:0, instance:example.NewTest@6e06451e]" name="Static_Data_Balance_Collections4" duration-ms="270" started-at="2017-01-01T14:32:02Z" finished-at="2017-01-01T14:32:03Z">
          <reporter-output>
          </reporter-output>
        </test-method> <!-- Static_Data_Balance_Collections4 -->
        <test-method status="PASS" signature="Static_Data_Credit_Inquiry1()[pri:0, instance:example.NewTest@6e06451e]" name="Static_Data_Credit_Inquiry1" duration-ms="291" started-at="2017-01-01T14:32:03Z" finished-at="2017-01-01T14:32:03Z">
          <reporter-output>
          </reporter-output>
        </test-method> <!-- Static_Data_Credit_Inquiry1 -->
        <test-method status="PASS" signature="Static_Data_Credit_Inquiry2()[pri:0, instance:example.NewTest@6e06451e]" name="Static_Data_Credit_Inquiry2" duration-ms="318" started-at="2017-01-01T14:32:03Z" finished-at="2017-01-01T14:32:03Z">
          <reporter-output>
          </reporter-output>
        </test-method> <!-- Static_Data_Credit_Inquiry2 -->
        <test-method status="PASS" signature="Static_Data_No_of_Collections()[pri:0, instance:example.NewTest@6e06451e]" name="Static_Data_No_of_Collections" duration-ms="246" started-at="2017-01-01T14:32:03Z" finished-at="2017-01-01T14:32:03Z">
          <reporter-output>
          </reporter-output>
        </test-method> <!-- Static_Data_No_of_Collections -->
        <test-method status="PASS" signature="Static_Data_No_of_Credit_Inquires()[pri:0, instance:example.NewTest@6e06451e]" name="Static_Data_No_of_Credit_Inquires" duration-ms="279" started-at="2017-01-01T14:32:04Z" finished-at="2017-01-01T14:32:04Z">
          <reporter-output>
          </reporter-output>
        </test-method> <!-- Static_Data_No_of_Credit_Inquires -->
        <test-method status="PASS" signature="Static_Data_No_of_Open_Accounts()[pri:0, instance:example.NewTest@6e06451e]" name="Static_Data_No_of_Open_Accounts" duration-ms="251" started-at="2017-01-01T14:32:04Z" finished-at="2017-01-01T14:32:04Z">
          <reporter-output>
          </reporter-output>
        </test-method> <!-- Static_Data_No_of_Open_Accounts -->
        <test-method status="PASS" signature="Static_Data_No_of_Public_Records()[pri:0, instance:example.NewTest@6e06451e]" name="Static_Data_No_of_Public_Records" duration-ms="248" started-at="2017-01-01T14:32:04Z" finished-at="2017-01-01T14:32:04Z">
          <reporter-output>
          </reporter-output>
        </test-method> <!-- Static_Data_No_of_Public_Records -->
        <test-method status="PASS" signature="Static_Data_Validation_Name_and_Address()[pri:0, instance:example.NewTest@6e06451e]" name="Static_Data_Validation_Name_and_Address" duration-ms="275" started-at="2017-01-01T14:32:04Z" finished-at="2017-01-01T14:32:05Z">
          <reporter-output>
          </reporter-output>
        </test-method> <!-- Static_Data_Validation_Name_and_Address -->
        <test-method status="PASS" signature="Static_Data_Validation_closed_under_Open_Accounts()[pri:0, instance:example.NewTest@6e06451e]" name="Static_Data_Validation_closed_under_Open_Accounts" duration-ms="447" started-at="2017-01-01T14:32:05Z" finished-at="2017-01-01T14:32:05Z">
          <reporter-output>
          </reporter-output>
        </test-method> <!-- Static_Data_Validation_closed_under_Open_Accounts -->
        <test-method status="PASS" signature="Static_Data_Validation_personal_Information_For_Current_Address()[pri:0, instance:example.NewTest@6e06451e]" name="Static_Data_Validation_personal_Information_For_Current_Address" duration-ms="254" started-at="2017-01-01T14:32:05Z" finished-at="2017-01-01T14:32:05Z">
          <reporter-output>
          </reporter-output>
        </test-method> <!-- Static_Data_Validation_personal_Information_For_Current_Address -->
        <test-method status="PASS" signature="Static_Data_Validation_personal_Information_For_Current_Employer()[pri:0, instance:example.NewTest@6e06451e]" name="Static_Data_Validation_personal_Information_For_Current_Employer" duration-ms="231" started-at="2017-01-01T14:32:05Z" finished-at="2017-01-01T14:32:06Z">
          <reporter-output>
          </reporter-output>
        </test-method> <!-- Static_Data_Validation_personal_Information_For_Current_Employer -->
        <test-method status="PASS" signature="Static_Data_Validation_personal_Information_For_Previous_Address1()[pri:0, instance:example.NewTest@6e06451e]" name="Static_Data_Validation_personal_Information_For_Previous_Address1" duration-ms="214" started-at="2017-01-01T14:32:06Z" finished-at="2017-01-01T14:32:06Z">
          <reporter-output>
          </reporter-output>
        </test-method> <!-- Static_Data_Validation_personal_Information_For_Previous_Address1 -->
        <test-method status="PASS" signature="Static_Data_Validation_personal_Information_For_Previous_Address2()[pri:0, instance:example.NewTest@6e06451e]" name="Static_Data_Validation_personal_Information_For_Previous_Address2" duration-ms="216" started-at="2017-01-01T14:32:06Z" finished-at="2017-01-01T14:32:06Z">
          <reporter-output>
          </reporter-output>
        </test-method> <!-- Static_Data_Validation_personal_Information_For_Previous_Address2 -->
        <test-method status="PASS" signature="Zstatic_Validation_A1_AA_Credit_Card_NAVY_FCU_under_Accounts()[pri:0, instance:example.NewTest@6e06451e]" name="Zstatic_Validation_A1_AA_Credit_Card_NAVY_FCU_under_Accounts" duration-ms="2021" started-at="2017-01-01T14:32:06Z" finished-at="2017-01-01T14:32:08Z">
          <reporter-output>
          </reporter-output>
        </test-method> <!-- Zstatic_Validation_A1_AA_Credit_Card_NAVY_FCU_under_Accounts -->
        <test-method status="PASS" signature="Zstatic_Validation_A1_Credit_Card_NAVYFCU_Account_Disputed()[pri:0, instance:example.NewTest@6e06451e]" name="Zstatic_Validation_A1_Credit_Card_NAVYFCU_Account_Disputed" duration-ms="227" started-at="2017-01-01T14:32:08Z" finished-at="2017-01-01T14:32:08Z">
          <reporter-output>
          </reporter-output>
        </test-method> <!-- Zstatic_Validation_A1_Credit_Card_NAVYFCU_Account_Disputed -->
        <test-method status="PASS" signature="Zstatic_Validation_A1_Credit_Card_NAVYFCU_Account_Number()[pri:0, instance:example.NewTest@6e06451e]" name="Zstatic_Validation_A1_Credit_Card_NAVYFCU_Account_Number" duration-ms="322" started-at="2017-01-01T14:32:08Z" finished-at="2017-01-01T14:32:09Z">
          <reporter-output>
          </reporter-output>
        </test-method> <!-- Zstatic_Validation_A1_Credit_Card_NAVYFCU_Account_Number -->
        <test-method status="PASS" signature="Zstatic_Validation_A1_Credit_Card_NAVYFCU_Account_Type()[pri:0, instance:example.NewTest@6e06451e]" name="Zstatic_Validation_A1_Credit_Card_NAVYFCU_Account_Type" duration-ms="401" started-at="2017-01-01T14:32:09Z" finished-at="2017-01-01T14:32:09Z">
          <reporter-output>
          </reporter-output>
        </test-method> <!-- Zstatic_Validation_A1_Credit_Card_NAVYFCU_Account_Type -->
        <test-method status="PASS" signature="Zstatic_Validation_A1_Credit_Card_NAVYFCU_Amount_Past_Due()[pri:0, instance:example.NewTest@6e06451e]" name="Zstatic_Validation_A1_Credit_Card_NAVYFCU_Amount_Past_Due" duration-ms="236" started-at="2017-01-01T14:32:09Z" finished-at="2017-01-01T14:32:09Z">
          <reporter-output>
          </reporter-output>
        </test-method> <!-- Zstatic_Validation_A1_Credit_Card_NAVYFCU_Amount_Past_Due -->
        <test-method status="PASS" signature="Zstatic_Validation_A1_Credit_Card_NAVYFCU_Credit_Limit()[pri:0, instance:example.NewTest@6e06451e]" name="Zstatic_Validation_A1_Credit_Card_NAVYFCU_Credit_Limit" duration-ms="366" started-at="2017-01-01T14:32:09Z" finished-at="2017-01-01T14:32:10Z">
          <reporter-output>
          </reporter-output>
        </test-method> <!-- Zstatic_Validation_A1_Credit_Card_NAVYFCU_Credit_Limit -->
        <test-method status="PASS" signature="Zstatic_Validation_A1_Credit_Card_NAVYFCU_Creditor_info()[pri:0, instance:example.NewTest@6e06451e]" name="Zstatic_Validation_A1_Credit_Card_NAVYFCU_Creditor_info" duration-ms="251" started-at="2017-01-01T14:32:10Z" finished-at="2017-01-01T14:32:10Z">
          <reporter-output>
          </reporter-output>
        </test-method> <!-- Zstatic_Validation_A1_Credit_Card_NAVYFCU_Creditor_info -->
        <test-method status="PASS" signature="Zstatic_Validation_A1_Credit_Card_NAVYFCU_Date_Opened()[pri:0, instance:example.NewTest@6e06451e]" name="Zstatic_Validation_A1_Credit_Card_NAVYFCU_Date_Opened" duration-ms="272" started-at="2017-01-01T14:32:10Z" finished-at="2017-01-01T14:32:10Z">
          <reporter-output>
          </reporter-output>
        </test-method> <!-- Zstatic_Validation_A1_Credit_Card_NAVYFCU_Date_Opened -->
        <test-method status="PASS" signature="Zstatic_Validation_A1_Credit_Card_NAVYFCU_Highest_Balance()[pri:0, instance:example.NewTest@6e06451e]" name="Zstatic_Validation_A1_Credit_Card_NAVYFCU_Highest_Balance" duration-ms="279" started-at="2017-01-01T14:32:10Z" finished-at="2017-01-01T14:32:10Z">
          <reporter-output>
          </reporter-output>
        </test-method> <!-- Zstatic_Validation_A1_Credit_Card_NAVYFCU_Highest_Balance -->
        <test-method status="PASS" signature="Zstatic_Validation_A1_Credit_Card_NAVYFCU_Last_Reported()[pri:0, instance:example.NewTest@6e06451e]" name="Zstatic_Validation_A1_Credit_Card_NAVYFCU_Last_Reported" duration-ms="317" started-at="2017-01-01T14:32:10Z" finished-at="2017-01-01T14:32:11Z">
          <reporter-output>
          </reporter-output>
        </test-method> <!-- Zstatic_Validation_A1_Credit_Card_NAVYFCU_Last_Reported -->
        <test-method status="PASS" signature="Zstatic_Validation_A1_Credit_Card_NAVYFCU_Payment_History()[pri:0, instance:example.NewTest@6e06451e]" name="Zstatic_Validation_A1_Credit_Card_NAVYFCU_Payment_History" duration-ms="275" started-at="2017-01-01T14:32:11Z" finished-at="2017-01-01T14:32:11Z">
          <reporter-output>
          </reporter-output>
        </test-method> <!-- Zstatic_Validation_A1_Credit_Card_NAVYFCU_Payment_History -->
        <test-method status="PASS" signature="Zstatic_Validation_A1_Credit_Card_NAVYFCU_Remarks()[pri:0, instance:example.NewTest@6e06451e]" name="Zstatic_Validation_A1_Credit_Card_NAVYFCU_Remarks" duration-ms="214" started-at="2017-01-01T14:32:11Z" finished-at="2017-01-01T14:32:11Z">
          <reporter-output>
          </reporter-output>
        </test-method> <!-- Zstatic_Validation_A1_Credit_Card_NAVYFCU_Remarks -->
        <test-method status="PASS" signature="Zstatic_Validation_A1_Credit_Card_NAVYFCU_Responsibility()[pri:0, instance:example.NewTest@6e06451e]" name="Zstatic_Validation_A1_Credit_Card_NAVYFCU_Responsibility" duration-ms="207" started-at="2017-01-01T14:32:11Z" finished-at="2017-01-01T14:32:11Z">
          <reporter-output>
          </reporter-output>
        </test-method> <!-- Zstatic_Validation_A1_Credit_Card_NAVYFCU_Responsibility -->
        <test-method status="PASS" signature="Zstatic_Validation_A2_Collections_AA_LVNV_FUNDING()[pri:0, instance:example.NewTest@6e06451e]" name="Zstatic_Validation_A2_Collections_AA_LVNV_FUNDING" duration-ms="1936" started-at="2017-01-01T14:32:11Z" finished-at="2017-01-01T14:32:13Z">
          <reporter-output>
          </reporter-output>
        </test-method> <!-- Zstatic_Validation_A2_Collections_AA_LVNV_FUNDING -->
        <test-method status="PASS" signature="Zstatic_Validation_A2_Collections_Collections_LVNV_FUNDING1()[pri:0, instance:example.NewTest@6e06451e]" name="Zstatic_Validation_A2_Collections_Collections_LVNV_FUNDING1" duration-ms="257" started-at="2017-01-01T14:32:13Z" finished-at="2017-01-01T14:32:14Z">
          <reporter-output>
          </reporter-output>
        </test-method> <!-- Zstatic_Validation_A2_Collections_Collections_LVNV_FUNDING1 -->
        <test-method status="PASS" signature="Zstatic_Validation_A2_Collections_Collections_LVNV_FUNDING2()[pri:0, instance:example.NewTest@6e06451e]" name="Zstatic_Validation_A2_Collections_Collections_LVNV_FUNDING2" duration-ms="331" started-at="2017-01-01T14:32:14Z" finished-at="2017-01-01T14:32:14Z">
          <reporter-output>
          </reporter-output>
        </test-method> <!-- Zstatic_Validation_A2_Collections_Collections_LVNV_FUNDING2 -->
        <test-method status="PASS" signature="Zstatic_Validation_A2_Collections_Collections_MED_DATA_SYS()[pri:0, instance:example.NewTest@6e06451e]" name="Zstatic_Validation_A2_Collections_Collections_MED_DATA_SYS" duration-ms="681" started-at="2017-01-01T14:32:14Z" finished-at="2017-01-01T14:32:15Z">
          <reporter-output>
          </reporter-output>
        </test-method> <!-- Zstatic_Validation_A2_Collections_Collections_MED_DATA_SYS -->
        <test-method status="PASS" signature="Zstatic_Validation_A2_Collections_LVNV_FUNDING_Account_Condition()[pri:0, instance:example.NewTest@6e06451e]" name="Zstatic_Validation_A2_Collections_LVNV_FUNDING_Account_Condition" duration-ms="199" started-at="2017-01-01T14:32:15Z" finished-at="2017-01-01T14:32:15Z">
          <reporter-output>
          </reporter-output>
        </test-method> <!-- Zstatic_Validation_A2_Collections_LVNV_FUNDING_Account_Condition -->
        <test-method status="PASS" signature="Zstatic_Validation_A2_Collections_LVNV_FUNDING_Account_Disputed()[pri:0, instance:example.NewTest@6e06451e]" name="Zstatic_Validation_A2_Collections_LVNV_FUNDING_Account_Disputed" duration-ms="278" started-at="2017-01-01T14:32:15Z" finished-at="2017-01-01T14:32:15Z">
          <reporter-output>
          </reporter-output>
        </test-method> <!-- Zstatic_Validation_A2_Collections_LVNV_FUNDING_Account_Disputed -->
        <test-method status="PASS" signature="Zstatic_Validation_A2_Collections_LVNV_FUNDING_Account_Number()[pri:0, instance:example.NewTest@6e06451e]" name="Zstatic_Validation_A2_Collections_LVNV_FUNDING_Account_Number" duration-ms="282" started-at="2017-01-01T14:32:15Z" finished-at="2017-01-01T14:32:15Z">
          <reporter-output>
          </reporter-output>
        </test-method> <!-- Zstatic_Validation_A2_Collections_LVNV_FUNDING_Account_Number -->
        <test-method status="PASS" signature="Zstatic_Validation_A2_Collections_LVNV_FUNDING_Balance()[pri:0, instance:example.NewTest@6e06451e]" name="Zstatic_Validation_A2_Collections_LVNV_FUNDING_Balance" duration-ms="266" started-at="2017-01-01T14:32:15Z" finished-at="2017-01-01T14:32:16Z">
          <reporter-output>
          </reporter-output>
        </test-method> <!-- Zstatic_Validation_A2_Collections_LVNV_FUNDING_Balance -->
        <test-method status="PASS" signature="Zstatic_Validation_A2_Collections_LVNV_FUNDING_Creditorinfo()[pri:0, instance:example.NewTest@6e06451e]" name="Zstatic_Validation_A2_Collections_LVNV_FUNDING_Creditorinfo" duration-ms="306" started-at="2017-01-01T14:32:16Z" finished-at="2017-01-01T14:32:16Z">
          <reporter-output>
          </reporter-output>
        </test-method> <!-- Zstatic_Validation_A2_Collections_LVNV_FUNDING_Creditorinfo -->
        <test-method status="PASS" signature="Zstatic_Validation_A2_Collections_LVNV_FUNDING_Highest_Balance()[pri:0, instance:example.NewTest@6e06451e]" name="Zstatic_Validation_A2_Collections_LVNV_FUNDING_Highest_Balance" duration-ms="293" started-at="2017-01-01T14:32:16Z" finished-at="2017-01-01T14:32:16Z">
          <reporter-output>
          </reporter-output>
        </test-method> <!-- Zstatic_Validation_A2_Collections_LVNV_FUNDING_Highest_Balance -->
        <test-method status="PASS" signature="Zstatic_Validation_A2_Collections_LVNV_FUNDING_LAST_REPORTED()[pri:0, instance:example.NewTest@6e06451e]" name="Zstatic_Validation_A2_Collections_LVNV_FUNDING_LAST_REPORTED" duration-ms="267" started-at="2017-01-01T14:32:16Z" finished-at="2017-01-01T14:32:17Z">
          <reporter-output>
          </reporter-output>
        </test-method> <!-- Zstatic_Validation_A2_Collections_LVNV_FUNDING_LAST_REPORTED -->
        <test-method status="PASS" signature="Zstatic_Validation_A2_Collections_LVNV_FUNDING_Original_Creditor()[pri:0, instance:example.NewTest@6e06451e]" name="Zstatic_Validation_A2_Collections_LVNV_FUNDING_Original_Creditor" duration-ms="496" started-at="2017-01-01T14:32:17Z" finished-at="2017-01-01T14:32:17Z">
          <reporter-output>
          </reporter-output>
        </test-method> <!-- Zstatic_Validation_A2_Collections_LVNV_FUNDING_Original_Creditor -->
        <test-method status="PASS" signature="Zstatic_Validation_A2_Collections_LVNV_FUNDING_Remarks()[pri:0, instance:example.NewTest@6e06451e]" name="Zstatic_Validation_A2_Collections_LVNV_FUNDING_Remarks" duration-ms="211" started-at="2017-01-01T14:32:17Z" finished-at="2017-01-01T14:32:17Z">
          <reporter-output>
          </reporter-output>
        </test-method> <!-- Zstatic_Validation_A2_Collections_LVNV_FUNDING_Remarks -->
        <test-method status="PASS" signature="Zstatic_Validation_A2_Collections_LVNV_FUNDING_Responsibility()[pri:0, instance:example.NewTest@6e06451e]" name="Zstatic_Validation_A2_Collections_LVNV_FUNDING_Responsibility" duration-ms="281" started-at="2017-01-01T14:32:17Z" finished-at="2017-01-01T14:32:18Z">
          <reporter-output>
          </reporter-output>
        </test-method> <!-- Zstatic_Validation_A2_Collections_LVNV_FUNDING_Responsibility -->
        <test-method status="PASS" signature="Zstatic_Validation_A2_Collections_Personal_Information_for_Names_Reported()[pri:0, instance:example.NewTest@6e06451e]" name="Zstatic_Validation_A2_Collections_Personal_Information_for_Names_Reported" duration-ms="246" started-at="2017-01-01T14:32:18Z" finished-at="2017-01-01T14:32:18Z">
          <reporter-output>
          </reporter-output>
        </test-method> <!-- Zstatic_Validation_A2_Collections_Personal_Information_for_Names_Reported -->
        <test-method status="PASS" signature="afterTest()[pri:0, instance:example.NewTest@6e06451e]" name="afterTest" is-config="true" duration-ms="1" started-at="2017-01-01T14:32:18Z" finished-at="2017-01-01T14:32:18Z">
          <reporter-output>
          </reporter-output>
        </test-method> <!-- afterTest -->
      </class> <!-- example.NewTest -->
    </test> <!-- Default test -->
  </suite> <!-- Default suite -->
</testng-results>
