<?xml version="1.0" encoding="UTF-8"?>
<testng-results skipped="19" failed="0" total="19" passed="0">
  <reporter-output>
  </reporter-output>
  <suite name="Suite" duration-ms="43423" started-at="2016-12-28T21:31:07Z" finished-at="2016-12-28T21:31:50Z">
    <groups>
    </groups>
    <test name="Test" duration-ms="43423" started-at="2016-12-28T21:31:07Z" finished-at="2016-12-28T21:31:50Z">
      <class name="example.NewTest">
        <test-method status="FAIL" signature="beforeTest()[pri:0, instance:example.NewTest@490ab905]" name="beforeTest" is-config="true" duration-ms="0" started-at="2016-12-29T03:01:07Z" finished-at="2016-12-29T03:01:07Z">
          <exception class="org.openqa.selenium.remote.UnreachableBrowserException">
            <message>
              <![CDATA[Error communicating with the remote browser. It may have died.
Build info: version: '2.53.1', revision: 'a36b8b1', time: '2016-06-30 17:32:46'
System info: host: 'Sampath-Lappy', ip: '10.0.0.6', os.name: 'Windows 10', os.arch: 'amd64', os.version: '10.0', java.version: '1.8.0_101'
Driver info: driver.version: RemoteWebDriver
Capabilities [{applicationCacheEnabled=true, rotatable=false, handlesAlerts=true, databaseEnabled=true, version=45.0, platform=WINDOWS, nativeEvents=false, acceptSslCerts=true, webStorageEnabled=true, locationContextEnabled=true, browserName=firefox, takesScreenshot=true, javascriptEnabled=true, cssSelectorsEnabled=true}]
Session ID: 723f4477-f2a6-4c89-ab0a-d19ea13e337e]]>
            </message>
            <full-stacktrace>
              <![CDATA[org.openqa.selenium.remote.UnreachableBrowserException: Error communicating with the remote browser. It may have died.
Build info: version: '2.53.1', revision: 'a36b8b1', time: '2016-06-30 17:32:46'
System info: host: 'Sampath-Lappy', ip: '10.0.0.6', os.name: 'Windows 10', os.arch: 'amd64', os.version: '10.0', java.version: '1.8.0_101'
Driver info: driver.version: RemoteWebDriver
Capabilities [{applicationCacheEnabled=true, rotatable=false, handlesAlerts=true, databaseEnabled=true, version=45.0, platform=WINDOWS, nativeEvents=false, acceptSslCerts=true, webStorageEnabled=true, locationContextEnabled=true, browserName=firefox, takesScreenshot=true, javascriptEnabled=true, cssSelectorsEnabled=true}]
Session ID: 723f4477-f2a6-4c89-ab0a-d19ea13e337e
	at org.openqa.selenium.remote.RemoteWebDriver.execute(RemoteWebDriver.java:665)
	at org.openqa.selenium.remote.RemoteWebDriver.findElement(RemoteWebDriver.java:363)
	at org.openqa.selenium.remote.RemoteWebDriver.findElementByName(RemoteWebDriver.java:461)
	at org.openqa.selenium.By$ByName.findElement(By.java:303)
	at org.openqa.selenium.remote.RemoteWebDriver.findElement(RemoteWebDriver.java:355)
	at example.NewTest.beforeTest(NewTest.java:226)
	at sun.reflect.NativeMethodAccessorImpl.invoke0(Native Method)
	at sun.reflect.NativeMethodAccessorImpl.invoke(Unknown Source)
	at sun.reflect.DelegatingMethodAccessorImpl.invoke(Unknown Source)
	at java.lang.reflect.Method.invoke(Unknown Source)
	at org.testng.internal.MethodInvocationHelper.invokeMethod(MethodInvocationHelper.java:85)
	at org.testng.internal.Invoker.invokeConfigurationMethod(Invoker.java:510)
	at org.testng.internal.Invoker.invokeConfigurations(Invoker.java:211)
	at org.testng.internal.Invoker.invokeConfigurations(Invoker.java:138)
	at org.testng.TestRunner.beforeRun(TestRunner.java:648)
	at org.testng.TestRunner.run(TestRunner.java:616)
	at org.testng.SuiteRunner.runTest(SuiteRunner.java:359)
	at org.testng.SuiteRunner.runSequentially(SuiteRunner.java:354)
	at org.testng.SuiteRunner.privateRun(SuiteRunner.java:312)
	at org.testng.SuiteRunner.run(SuiteRunner.java:261)
	at org.testng.SuiteRunnerWorker.runSuite(SuiteRunnerWorker.java:52)
	at org.testng.SuiteRunnerWorker.run(SuiteRunnerWorker.java:86)
	at org.testng.TestNG.runSuitesSequentially(TestNG.java:1215)
	at org.testng.TestNG.runSuitesLocally(TestNG.java:1140)
	at org.testng.TestNG.run(TestNG.java:1048)
	at org.testng.remote.AbstractRemoteTestNG.run(AbstractRemoteTestNG.java:132)
	at org.testng.remote.RemoteTestNG.initAndRun(RemoteTestNG.java:236)
	at org.testng.remote.RemoteTestNG.main(RemoteTestNG.java:81)
Caused by: org.apache.http.conn.HttpHostConnectException: Connect to 127.0.0.1:7055 [/127.0.0.1] failed: Connection refused: connect
	at org.apache.http.impl.conn.DefaultHttpClientConnectionOperator.connect(DefaultHttpClientConnectionOperator.java:151)
	at org.apache.http.impl.conn.PoolingHttpClientConnectionManager.connect(PoolingHttpClientConnectionManager.java:353)
	at org.apache.http.impl.execchain.MainClientExec.establishRoute(MainClientExec.java:380)
	at org.apache.http.impl.execchain.MainClientExec.execute(MainClientExec.java:236)
	at org.apache.http.impl.execchain.ProtocolExec.execute(ProtocolExec.java:184)
	at org.apache.http.impl.execchain.RetryExec.execute(RetryExec.java:88)
	at org.apache.http.impl.execchain.RedirectExec.execute(RedirectExec.java:110)
	at org.apache.http.impl.client.InternalHttpClient.doExecute(InternalHttpClient.java:184)
	at org.apache.http.impl.client.CloseableHttpClient.execute(CloseableHttpClient.java:71)
	at org.apache.http.impl.client.CloseableHttpClient.execute(CloseableHttpClient.java:55)
	at org.openqa.selenium.remote.internal.ApacheHttpClient.fallBackExecute(ApacheHttpClient.java:144)
	at org.openqa.selenium.remote.internal.ApacheHttpClient.execute(ApacheHttpClient.java:90)
	at org.openqa.selenium.remote.HttpCommandExecutor.execute(HttpCommandExecutor.java:142)
	at org.openqa.selenium.firefox.internal.NewProfileExtensionConnection.execute(NewProfileExtensionConnection.java:160)
	at org.openqa.selenium.firefox.FirefoxDriver$LazyCommandExecutor.execute(FirefoxDriver.java:380)
	at org.openqa.selenium.remote.RemoteWebDriver.execute(RemoteWebDriver.java:644)
	... 27 more
Caused by: java.net.ConnectException: Connection refused: connect
	at java.net.DualStackPlainSocketImpl.waitForConnect(Native Method)
	at java.net.DualStackPlainSocketImpl.socketConnect(Unknown Source)
	at java.net.AbstractPlainSocketImpl.doConnect(Unknown Source)
	at java.net.AbstractPlainSocketImpl.connectToAddress(Unknown Source)
	at java.net.AbstractPlainSocketImpl.connect(Unknown Source)
	at java.net.PlainSocketImpl.connect(Unknown Source)
	at java.net.SocksSocketImpl.connect(Unknown Source)
	at java.net.Socket.connect(Unknown Source)
	at org.apache.http.conn.socket.PlainConnectionSocketFactory.connectSocket(PlainConnectionSocketFactory.java:74)
	at org.apache.http.impl.conn.DefaultHttpClientConnectionOperator.connect(DefaultHttpClientConnectionOperator.java:134)
	... 42 more
]]>
            </full-stacktrace>
          </exception> <!-- org.openqa.selenium.remote.UnreachableBrowserException -->
          <reporter-output>
          </reporter-output>
        </test-method> <!-- beforeTest -->
        <test-method status="SKIP" signature="Amount_PublicRecords()[pri:0, instance:example.NewTest@490ab905]" name="Amount_PublicRecords" duration-ms="5" started-at="2016-12-29T03:01:50Z" finished-at="2016-12-29T03:01:50Z">
          <reporter-output>
          </reporter-output>
        </test-method> <!-- Amount_PublicRecords -->
        <test-method status="SKIP" signature="Balance_Accounts1()[pri:0, instance:example.NewTest@490ab905]" name="Balance_Accounts1" duration-ms="5" started-at="2016-12-29T03:01:50Z" finished-at="2016-12-29T03:01:50Z">
          <reporter-output>
          </reporter-output>
        </test-method> <!-- Balance_Accounts1 -->
        <test-method status="SKIP" signature="Balance_Accounts2()[pri:0, instance:example.NewTest@490ab905]" name="Balance_Accounts2" duration-ms="6" started-at="2016-12-29T03:01:50Z" finished-at="2016-12-29T03:01:50Z">
          <reporter-output>
          </reporter-output>
        </test-method> <!-- Balance_Accounts2 -->
        <test-method status="SKIP" signature="Balance_Accounts3()[pri:0, instance:example.NewTest@490ab905]" name="Balance_Accounts3" duration-ms="7" started-at="2016-12-29T03:01:50Z" finished-at="2016-12-29T03:01:50Z">
          <reporter-output>
          </reporter-output>
        </test-method> <!-- Balance_Accounts3 -->
        <test-method status="SKIP" signature="Balance_Accounts4()[pri:0, instance:example.NewTest@490ab905]" name="Balance_Accounts4" duration-ms="5" started-at="2016-12-29T03:01:50Z" finished-at="2016-12-29T03:01:50Z">
          <reporter-output>
          </reporter-output>
        </test-method> <!-- Balance_Accounts4 -->
        <test-method status="SKIP" signature="Balance_Accounts5()[pri:0, instance:example.NewTest@490ab905]" name="Balance_Accounts5" duration-ms="4" started-at="2016-12-29T03:01:50Z" finished-at="2016-12-29T03:01:50Z">
          <reporter-output>
          </reporter-output>
        </test-method> <!-- Balance_Accounts5 -->
        <test-method status="SKIP" signature="Balance_Accounts6()[pri:0, instance:example.NewTest@490ab905]" name="Balance_Accounts6" duration-ms="4" started-at="2016-12-29T03:01:50Z" finished-at="2016-12-29T03:01:50Z">
          <reporter-output>
          </reporter-output>
        </test-method> <!-- Balance_Accounts6 -->
        <test-method status="SKIP" signature="Balance_Accounts7()[pri:0, instance:example.NewTest@490ab905]" name="Balance_Accounts7" duration-ms="5" started-at="2016-12-29T03:01:50Z" finished-at="2016-12-29T03:01:50Z">
          <reporter-output>
          </reporter-output>
        </test-method> <!-- Balance_Accounts7 -->
        <test-method status="SKIP" signature="Balance_Accounts8()[pri:0, instance:example.NewTest@490ab905]" name="Balance_Accounts8" duration-ms="3" started-at="2016-12-29T03:01:50Z" finished-at="2016-12-29T03:01:50Z">
          <reporter-output>
          </reporter-output>
        </test-method> <!-- Balance_Accounts8 -->
        <test-method status="SKIP" signature="Balance_Collections1()[pri:0, instance:example.NewTest@490ab905]" name="Balance_Collections1" duration-ms="4" started-at="2016-12-29T03:01:50Z" finished-at="2016-12-29T03:01:50Z">
          <reporter-output>
          </reporter-output>
        </test-method> <!-- Balance_Collections1 -->
        <test-method status="SKIP" signature="Balance_Collections2()[pri:0, instance:example.NewTest@490ab905]" name="Balance_Collections2" duration-ms="10" started-at="2016-12-29T03:01:50Z" finished-at="2016-12-29T03:01:50Z">
          <reporter-output>
          </reporter-output>
        </test-method> <!-- Balance_Collections2 -->
        <test-method status="SKIP" signature="Balance_Collections3()[pri:0, instance:example.NewTest@490ab905]" name="Balance_Collections3" duration-ms="13" started-at="2016-12-29T03:01:50Z" finished-at="2016-12-29T03:01:50Z">
          <reporter-output>
          </reporter-output>
        </test-method> <!-- Balance_Collections3 -->
        <test-method status="SKIP" signature="Balance_Collections4()[pri:0, instance:example.NewTest@490ab905]" name="Balance_Collections4" duration-ms="7" started-at="2016-12-29T03:01:50Z" finished-at="2016-12-29T03:01:50Z">
          <reporter-output>
          </reporter-output>
        </test-method> <!-- Balance_Collections4 -->
        <test-method status="SKIP" signature="Credit_Inquiry1()[pri:0, instance:example.NewTest@490ab905]" name="Credit_Inquiry1" duration-ms="3" started-at="2016-12-29T03:01:50Z" finished-at="2016-12-29T03:01:50Z">
          <reporter-output>
          </reporter-output>
        </test-method> <!-- Credit_Inquiry1 -->
        <test-method status="SKIP" signature="Credit_Inquiry2()[pri:0, instance:example.NewTest@490ab905]" name="Credit_Inquiry2" duration-ms="7" started-at="2016-12-29T03:01:50Z" finished-at="2016-12-29T03:01:50Z">
          <reporter-output>
          </reporter-output>
        </test-method> <!-- Credit_Inquiry2 -->
        <test-method status="SKIP" signature="No_of_Collections()[pri:0, instance:example.NewTest@490ab905]" name="No_of_Collections" duration-ms="3" started-at="2016-12-29T03:01:50Z" finished-at="2016-12-29T03:01:50Z">
          <reporter-output>
          </reporter-output>
        </test-method> <!-- No_of_Collections -->
        <test-method status="SKIP" signature="No_of_Credit_Inquires()[pri:0, instance:example.NewTest@490ab905]" name="No_of_Credit_Inquires" duration-ms="3" started-at="2016-12-29T03:01:50Z" finished-at="2016-12-29T03:01:50Z">
          <reporter-output>
          </reporter-output>
        </test-method> <!-- No_of_Credit_Inquires -->
        <test-method status="SKIP" signature="No_of_Open_Accounts()[pri:0, instance:example.NewTest@490ab905]" name="No_of_Open_Accounts" duration-ms="3" started-at="2016-12-29T03:01:50Z" finished-at="2016-12-29T03:01:50Z">
          <reporter-output>
          </reporter-output>
        </test-method> <!-- No_of_Open_Accounts -->
        <test-method status="SKIP" signature="No_of_Public_Records()[pri:0, instance:example.NewTest@490ab905]" name="No_of_Public_Records" duration-ms="3" started-at="2016-12-29T03:01:50Z" finished-at="2016-12-29T03:01:50Z">
          <reporter-output>
          </reporter-output>
        </test-method> <!-- No_of_Public_Records -->
        <test-method status="SKIP" signature="afterTest()[pri:0, instance:example.NewTest@490ab905]" name="afterTest" is-config="true" duration-ms="0" started-at="2016-12-29T03:01:50Z" finished-at="2016-12-29T03:01:50Z">
          <reporter-output>
          </reporter-output>
        </test-method> <!-- afterTest -->
      </class> <!-- example.NewTest -->
    </test> <!-- Test -->
  </suite> <!-- Suite -->
</testng-results>
