<?xml version="1.0" encoding="UTF-8"?>
<!-- Generated by org.testng.reporters.JUnitXMLReporter -->
<testsuite hostname="Sampath-Lappy" name="Test" tests="74" failures="10" timestamp="2 Jan 2017 19:22:44 GMT" time="198.492" errors="0">
  <testcase name="Static_Data_Amount_PublicRecords" time="0.293" classname="example.CreditReports_Tests"/>
  <testcase name="Static_Data_Balance_Accounts1" time="0.274" classname="example.CreditReports_Tests"/>
  <testcase name="Static_Data_Balance_Accounts2" time="0.298" classname="example.CreditReports_Tests"/>
  <testcase name="Static_Data_Balance_Accounts3" time="0.29" classname="example.CreditReports_Tests"/>
  <testcase name="Static_Data_Balance_Accounts4" time="0.28" classname="example.CreditReports_Tests"/>
  <testcase name="Static_Data_Balance_Accounts5" time="0.318" classname="example.CreditReports_Tests"/>
  <testcase name="Static_Data_Balance_Accounts6" time="0.293" classname="example.CreditReports_Tests"/>
  <testcase name="Static_Data_Balance_Accounts7" time="0.284" classname="example.CreditReports_Tests"/>
  <testcase name="Static_Data_Balance_Accounts8" time="0.291" classname="example.CreditReports_Tests"/>
  <testcase name="Static_Data_Balance_Collections1" time="0.283" classname="example.CreditReports_Tests"/>
  <testcase name="Static_Data_Balance_Collections2" time="0.278" classname="example.CreditReports_Tests"/>
  <testcase name="Static_Data_Balance_Collections3" time="0.282" classname="example.CreditReports_Tests"/>
  <testcase name="Static_Data_Balance_Collections4" time="0.273" classname="example.CreditReports_Tests"/>
  <testcase name="Static_Data_Credit_Inquiry1" time="0.4" classname="example.CreditReports_Tests"/>
  <testcase name="Static_Data_Credit_Inquiry2" time="0.257" classname="example.CreditReports_Tests"/>
  <testcase name="Static_Data_No_of_Collections" time="0.22" classname="example.CreditReports_Tests"/>
  <testcase name="Static_Data_No_of_Credit_Inquires" time="0.252" classname="example.CreditReports_Tests"/>
  <testcase name="Static_Data_No_of_Open_Accounts" time="0.252" classname="example.CreditReports_Tests"/>
  <testcase name="Static_Data_No_of_Public_Records" time="0.309" classname="example.CreditReports_Tests"/>
  <testcase name="Static_Data_Validation_Name_and_Address" time="0.254" classname="example.CreditReports_Tests"/>
  <testcase name="Static_Data_Validation_closed_under_Open_Accounts" time="0.492" classname="example.CreditReports_Tests"/>
  <testcase name="Static_Data_Validation_personal_Information_For_Current_Address" time="0.372" classname="example.CreditReports_Tests"/>
  <testcase name="Static_Data_Validation_personal_Information_For_Current_Employer" time="0.321" classname="example.CreditReports_Tests"/>
  <testcase name="Static_Data_Validation_personal_Information_For_Previous_Address1" time="0.281" classname="example.CreditReports_Tests"/>
  <testcase name="Static_Data_Validation_personal_Information_For_Previous_Address2" time="0.268" classname="example.CreditReports_Tests"/>
  <testcase name="Zstatic_Validation_A1_AA_Credit_Card_NAVY_FCU_under_Accounts" time="2.221" classname="example.CreditReports_Tests"/>
  <testcase name="Zstatic_Validation_A1_Credit_Card_NAVYFCU_Account_Disputed" time="0.276" classname="example.CreditReports_Tests"/>
  <testcase name="Zstatic_Validation_A1_Credit_Card_NAVYFCU_Account_Number" time="0.274" classname="example.CreditReports_Tests"/>
  <testcase name="Zstatic_Validation_A1_Credit_Card_NAVYFCU_Account_Type" time="0.835" classname="example.CreditReports_Tests"/>
  <testcase name="Zstatic_Validation_A1_Credit_Card_NAVYFCU_Amount_Past_Due" time="0.2" classname="example.CreditReports_Tests"/>
  <testcase name="Zstatic_Validation_A1_Credit_Card_NAVYFCU_Credit_Limit" time="0.26" classname="example.CreditReports_Tests"/>
  <testcase name="Zstatic_Validation_A1_Credit_Card_NAVYFCU_Creditor_info" time="0.279" classname="example.CreditReports_Tests"/>
  <testcase name="Zstatic_Validation_A1_Credit_Card_NAVYFCU_Date_Opened" time="0.261" classname="example.CreditReports_Tests"/>
  <testcase name="Zstatic_Validation_A1_Credit_Card_NAVYFCU_Highest_Balance" time="0.358" classname="example.CreditReports_Tests"/>
  <testcase name="Zstatic_Validation_A1_Credit_Card_NAVYFCU_Last_Reported" time="0.27" classname="example.CreditReports_Tests"/>
  <testcase name="Zstatic_Validation_A1_Credit_Card_NAVYFCU_Payment_History" time="0.294" classname="example.CreditReports_Tests"/>
  <testcase name="Zstatic_Validation_A1_Credit_Card_NAVYFCU_Remarks" time="0.303" classname="example.CreditReports_Tests"/>
  <testcase name="Zstatic_Validation_A1_Credit_Card_NAVYFCU_Responsibility" time="0.259" classname="example.CreditReports_Tests"/>
  <testcase name="Zstatic_Validation_A2_Collections_AA_LVNV_FUNDING" time="1.913" classname="example.CreditReports_Tests"/>
  <testcase name="Zstatic_Validation_A2_Collections_Collections_LVNV_FUNDING1" time="0.31" classname="example.CreditReports_Tests"/>
  <testcase name="Zstatic_Validation_A2_Collections_Collections_LVNV_FUNDING2" time="0.334" classname="example.CreditReports_Tests"/>
  <testcase name="Zstatic_Validation_A2_Collections_Collections_MED_DATA_SYS" time="0.74" classname="example.CreditReports_Tests"/>
  <testcase name="Zstatic_Validation_A2_Collections_LVNV_FUNDING_Account_Condition" time="0.256" classname="example.CreditReports_Tests"/>
  <testcase name="Zstatic_Validation_A2_Collections_LVNV_FUNDING_Account_Disputed" time="0.264" classname="example.CreditReports_Tests"/>
  <testcase name="Zstatic_Validation_A2_Collections_LVNV_FUNDING_Account_Number" time="0.254" classname="example.CreditReports_Tests"/>
  <testcase name="Zstatic_Validation_A2_Collections_LVNV_FUNDING_Balance" time="0.284" classname="example.CreditReports_Tests"/>
  <testcase name="Zstatic_Validation_A2_Collections_LVNV_FUNDING_Creditorinfo" time="0.309" classname="example.CreditReports_Tests"/>
  <testcase name="Zstatic_Validation_A2_Collections_LVNV_FUNDING_Highest_Balance" time="0.592" classname="example.CreditReports_Tests"/>
  <testcase name="Zstatic_Validation_A2_Collections_LVNV_FUNDING_LAST_REPORTED" time="0.403" classname="example.CreditReports_Tests"/>
  <testcase name="Zstatic_Validation_A2_Collections_LVNV_FUNDING_Original_Creditor" time="0.286" classname="example.CreditReports_Tests"/>
  <testcase name="Zstatic_Validation_A2_Collections_LVNV_FUNDING_Remarks" time="0.273" classname="example.CreditReports_Tests"/>
  <testcase name="Zstatic_Validation_A2_Collections_LVNV_FUNDING_Responsibility" time="0.298" classname="example.CreditReports_Tests"/>
  <testcase name="Zstatic_Validation_A2_Collections_Personal_Information_for_Names_Reported" time="0.31" classname="example.CreditReports_Tests"/>
  <testcase name="Zstatic_Validation_A3_Credit_Inquiries_BRCLYSBANKDE" time="2.485" classname="example.CreditReports_Tests"/>
  <testcase name="Zstatic_Validation_A3_Credit_Inquiries_QUICKEN_LOAN_ESTIMATED_REMOVAL_DATE" time="2.071" classname="example.CreditReports_Tests"/>
  <testcase name="Zstatic_Validation_A3_Credit_Inquiries_QUICKEN_LOAN_INQUIRER_CONTACT_DETAILS" time="2.317" classname="example.CreditReports_Tests"/>
  <testcase name="Zstatic_Validation_A3_Credit_Inquries_QUICKEN_LOAN_DATE" time="2.33" classname="example.CreditReports_Tests"/>
  <testcase name="Zstatic_Validation_A3_Credit_Inquries_QUICKEN_LOAN_TYPE" time="2.358" classname="example.CreditReports_Tests"/>
  <testcase name="Zstatic_Validation_A4_Public_Records_LIEN_Recoder_Of_Deeds_Contact_Details" time="2.789" classname="example.CreditReports_Tests"/>
  <testcase name="Zstatic_Validation_A4_Public_Records_LIEN_Recoder_Of_Deeds_DateFiled" time="3.313" classname="example.CreditReports_Tests"/>
  <testcase name="Zstatic_Validation_A4_Public_Records_LIEN_Recoder_Of_Deeds_Status" time="2.516" classname="example.CreditReports_Tests"/>
  <testcase name="Zstatic_Validation_A4_Public_Records_TAX_LIEN_Recoder_Of_Deeds" time="2.349" classname="example.CreditReports_Tests"/>
  <testcase name="Zstatic_Validation_A4_Public_Records_TAX_LIEN_Recoder_Of_Deeds_Date_Closed" time="2.273" classname="example.CreditReports_Tests"/>
  <testcase name="Zstatic_Validation_A4_Public_Records_TAX_LIEN_Recoder_Of_Deeds_Reference_Number" time="2.745" classname="example.CreditReports_Tests"/>
  <testcase name="Balance_BK_OF_AMER" time="0.007" classname="example.Dashboard_Test">
    <failure type="java.lang.NullPointerException">
      <![CDATA[java.lang.NullPointerException
	at example.Dashboard_Test.Balance_BK_OF_AMER(Dashboard_Test.java:90)
... Removed 24 stack frames]]>
    </failure>
  </testcase> <!-- Balance_BK_OF_AMER -->
  <testcase name="Balance_CAR_LOAN_NAVY_FCU" time="0.007" classname="example.Dashboard_Test">
    <failure type="java.lang.NullPointerException">
      <![CDATA[java.lang.NullPointerException
	at example.Dashboard_Test.Balance_CAR_LOAN_NAVY_FCU(Dashboard_Test.java:100)
... Removed 24 stack frames]]>
    </failure>
  </testcase> <!-- Balance_CAR_LOAN_NAVY_FCU -->
  <testcase name="Balance_CAR_LOAN_NAVY_FCU1" time="0.005" classname="example.Dashboard_Test">
    <failure type="java.lang.NullPointerException">
      <![CDATA[java.lang.NullPointerException
	at example.Dashboard_Test.Balance_CAR_LOAN_NAVY_FCU1(Dashboard_Test.java:109)
... Removed 24 stack frames]]>
    </failure>
  </testcase> <!-- Balance_CAR_LOAN_NAVY_FCU1 -->
  <testcase name="Balance_LINE_OF_CREDIT_BENFCL_HFC" time="0.004" classname="example.Dashboard_Test">
    <failure type="java.lang.NullPointerException">
      <![CDATA[java.lang.NullPointerException
	at example.Dashboard_Test.Balance_LINE_OF_CREDIT_BENFCL_HFC(Dashboard_Test.java:127)
... Removed 24 stack frames]]>
    </failure>
  </testcase> <!-- Balance_LINE_OF_CREDIT_BENFCL_HFC -->
  <testcase name="Balance_LINE_OF_CREDIT_NAVY_FCU" time="0.003" classname="example.Dashboard_Test">
    <failure type="java.lang.NullPointerException">
      <![CDATA[java.lang.NullPointerException
	at example.Dashboard_Test.Balance_LINE_OF_CREDIT_NAVY_FCU(Dashboard_Test.java:137)
... Removed 24 stack frames]]>
    </failure>
  </testcase> <!-- Balance_LINE_OF_CREDIT_NAVY_FCU -->
  <testcase name="Balance_LVNV_FUNDING" time="0.003" classname="example.Dashboard_Test">
    <failure type="java.lang.NullPointerException">
      <![CDATA[java.lang.NullPointerException
	at example.Dashboard_Test.Balance_LVNV_FUNDING(Dashboard_Test.java:20)
... Removed 24 stack frames]]>
    </failure>
  </testcase> <!-- Balance_LVNV_FUNDING -->
  <testcase name="Balance_LVNV_FUNDING_1" time="0.004" classname="example.Dashboard_Test">
    <failure type="java.lang.NullPointerException">
      <![CDATA[java.lang.NullPointerException
	at example.Dashboard_Test.Balance_LVNV_FUNDING_1(Dashboard_Test.java:70)
... Removed 24 stack frames]]>
    </failure>
  </testcase> <!-- Balance_LVNV_FUNDING_1 -->
  <testcase name="Balance_MED_DATA_SYS" time="0.003" classname="example.Dashboard_Test">
    <failure type="java.lang.NullPointerException">
      <![CDATA[java.lang.NullPointerException
	at example.Dashboard_Test.Balance_MED_DATA_SYS(Dashboard_Test.java:61)
... Removed 24 stack frames]]>
    </failure>
  </testcase> <!-- Balance_MED_DATA_SYS -->
  <testcase name="Balance_MIL_STAR" time="0.005" classname="example.Dashboard_Test">
    <failure type="java.lang.NullPointerException">
      <![CDATA[java.lang.NullPointerException
	at example.Dashboard_Test.Balance_MIL_STAR(Dashboard_Test.java:80)
... Removed 24 stack frames]]>
    </failure>
  </testcase> <!-- Balance_MIL_STAR -->
  <testcase name="Balance_SECURED_NAVY_FCU" time="0.004" classname="example.Dashboard_Test">
    <failure type="java.lang.NullPointerException">
      <![CDATA[java.lang.NullPointerException
	at example.Dashboard_Test.Balance_SECURED_NAVY_FCU(Dashboard_Test.java:118)
... Removed 24 stack frames]]>
    </failure>
  </testcase> <!-- Balance_SECURED_NAVY_FCU -->
</testsuite> <!-- Test -->
