<?xml version="1.0" encoding="UTF-8"?>
<!-- Generated by org.testng.reporters.JUnitXMLReporter -->
<testsuite hostname="Sampath-Lappy" name="Test(failed)" tests="1" failures="0" timestamp="28 Dec 2016 16:15:32 GMT" time="57.916" errors="0">
  <testcase name="@BeforeTest beforeTest" time="0.0" classname="example.NewTest">
    <failure type="org.openqa.selenium.WebDriverException" message="Failed to connect to binary FirefoxBinary(D:\Software&amp;apos;s\Firefox\firefox-sdk\bin\firefox.exe) on port 7055; process output follows: 
al&amp;quot;,&amp;quot;version&amp;quot;:&amp;quot;4.1.6&amp;quot;,&amp;quot;type&amp;quot;:&amp;quot;extension&amp;quot;,&amp;quot;internalName&amp;quot;:null,&amp;quot;updateURL&amp;quot;:null,&amp;quot;updateKey&amp;quot;:null,&amp;quot;optionsURL&amp;quot;:null,&amp;quot;optionsType&amp;quot;:null,&amp;quot;aboutURL&amp;quot;:null,&amp;quot;icons&amp;quot;:{},&amp;quot;iconURL&amp;quot;:&amp;quot;chrome://bdwteff/skin/bd128.png&amp;quot;,&amp;quot;icon64URL&amp;quot;:null,&amp;quot;defaultLocale&amp;quot;:{&amp;quot;name&amp;quot;:&amp;quot;Bitdefender Wallet&amp;quot;,&amp;quot;description&amp;quot;:&amp;quot;BitDefender Wallet&amp;quot;,&amp;quot;creator&amp;quot;:&amp;quot;BitDefender S.R.L.&amp;quot;,&amp;quot;homepageURL&amp;quot;:&amp;quot;http://www.bitdefender.com&amp;quot;},&amp;quot;visible&amp;quot;:true,&amp;quot;active&amp;quot;:false,&amp;quot;userDisabled&amp;quot;:true,&amp;quot;appDisabled&amp;quot;:false,&amp;quot;descriptor&amp;quot;:&amp;quot;C:\\Program Files\\Bitdefender\\Bitdefender 2017\\antispam32\\bdwteff&amp;quot;,&amp;quot;installDate&amp;quot;:1478171245131,&amp;quot;updateDate&amp;quot;:1478171245131,&amp;quot;applyBackgroundUpdates&amp;quot;:1,&amp;quot;bootstrap&amp;quot;:true,&amp;quot;skinnable&amp;quot;:false,&amp;quot;size&amp;quot;:410154,&amp;quot;sourceURI&amp;quot;:null,&amp;quot;releaseNotesURI&amp;quot;:null,&amp;quot;softDisabled&amp;quot;:false,&amp;quot;foreignInstall&amp;quot;:true,&amp;quot;hasBinaryComponents&amp;quot;:false,&amp;quot;strictCompatibility&amp;quot;:false,&amp;quot;locales&amp;quot;:[],&amp;quot;targetApplications&amp;quot;:[{&amp;quot;id&amp;quot;:&amp;quot;{ec8030f7-c20a-464f-9b0e-13a3a9e97384}&amp;quot;,&amp;quot;minVersion&amp;quot;:&amp;quot;30.0&amp;quot;,&amp;quot;maxVersion&amp;quot;:&amp;quot;*&amp;quot;}],&amp;quot;targetPlatforms&amp;quot;:[],&amp;quot;multiprocessCompatible&amp;quot;:true,&amp;quot;signedState&amp;quot;:2,&amp;quot;seen&amp;quot;:true}
1482941687585	DeferredSave.extensions.json	DEBUG	Save changes
1482941687585	addons.xpi	DEBUG	Updating database with changes to installed add-ons
1482941687586	addons.xpi-utils	DEBUG	Updating add-on states
1482941687593	addons.xpi-utils	DEBUG	Writing add-ons list
1482941687617	addons.xpi	DEBUG	Registering manifest for D:\Software&amp;apos;s\Firefox\firefox-sdk\bin\browser\features\e10srollout@mozilla.org.xpi
1482941687621	addons.xpi	DEBUG	Calling bootstrap method startup on e10srollout@mozilla.org version 1.0
1482941687622	addons.xpi	DEBUG	Registering manifest for D:\Software&amp;apos;s\Firefox\firefox-sdk\bin\browser\features\firefox@getpocket.com.xpi
1482941687627	addons.xpi	DEBUG	Calling bootstrap method startup on firefox@getpocket.com version 1.0.2
1482941687633	addons.xpi	DEBUG	Registering manifest for D:\Software&amp;apos;s\Firefox\firefox-sdk\bin\browser\features\loop@mozilla.org.xpi
1482941687638	addons.xpi	DEBUG	Calling bootstrap method startup on loop@mozilla.org version 1.3.2
1482941687751	addons.manager	DEBUG	Registering shutdown blocker for XPIProvider
1482941687753	addons.manager	DEBUG	Provider finished startup: XPIProvider
1482941687753	addons.manager	DEBUG	Starting provider: LightweightThemeManager
1482941687753	addons.manager	DEBUG	Registering shutdown blocker for LightweightThemeManager
1482941687755	addons.manager	DEBUG	Provider finished startup: LightweightThemeManager
1482941687758	addons.manager	DEBUG	Starting provider: GMPProvider
1482941687806	addons.manager	DEBUG	Registering shutdown blocker for GMPProvider
1482941687807	addons.manager	DEBUG	Provider finished startup: GMPProvider
1482941687807	addons.manager	DEBUG	Starting provider: PluginProvider
1482941687808	addons.manager	DEBUG	Registering shutdown blocker for PluginProvider
1482941687809	addons.manager	DEBUG	Provider finished startup: PluginProvider
1482941687811	addons.manager	DEBUG	Completed startup sequence
1482941690978	addons.manager	DEBUG	Starting provider: &amp;lt;unnamed-provider&amp;gt;
1482941690978	addons.manager	DEBUG	Registering shutdown blocker for &amp;lt;unnamed-provider&amp;gt;
1482941690980	addons.manager	DEBUG	Provider finished startup: &amp;lt;unnamed-provider&amp;gt;
1482941690987	DeferredSave.extensions.json	DEBUG	Write succeeded
1482941690987	addons.xpi-utils	DEBUG	XPI Database saved, setting schema version preference to 17
1482941690988	DeferredSave.extensions.json	DEBUG	Starting timer
1482941691135	DeferredSave.extensions.json	DEBUG	Starting write
1482941691842	addons.repository	DEBUG	No addons.json found.
1482941691844	DeferredSave.addons.json	DEBUG	Save changes
1482941691856	DeferredSave.addons.json	DEBUG	Starting timer
1482941692011	addons.manager	DEBUG	Starting provider: PreviousExperimentProvider
1482941692012	addons.manager	DEBUG	Registering shutdown blocker for PreviousExperimentProvider
1482941692013	addons.manager	DEBUG	Provider finished startup: PreviousExperimentProvider
1482941692039	DeferredSave.addons.json	DEBUG	Starting write
1482941692061	DeferredSave.extensions.json	DEBUG	Write succeeded
1482941692586	DeferredSave.addons.json	DEBUG	Write succeeded

Build info: version: &amp;apos;2.53.0&amp;apos;, revision: &amp;apos;35ae25b1534ae328c771e0856c93e187490ca824&amp;apos;, time: &amp;apos;2016-03-15 10:43:46&amp;apos;
System info: host: &amp;apos;Sampath-Lappy&amp;apos;, ip: &amp;apos;10.8.0.106&amp;apos;, os.name: &amp;apos;Windows 10&amp;apos;, os.arch: &amp;apos;amd64&amp;apos;, os.version: &amp;apos;10.0&amp;apos;, java.version: &amp;apos;1.8.0_101&amp;apos;
Driver info: driver.version: FirefoxDriver">
      <![CDATA[org.openqa.selenium.WebDriverException: Failed to connect to binary FirefoxBinary(D:\Software's\Firefox\firefox-sdk\bin\firefox.exe) on port 7055; process output follows: 
al","version":"4.1.6","type":"extension","internalName":null,"updateURL":null,"updateKey":null,"optionsURL":null,"optionsType":null,"aboutURL":null,"icons":{},"iconURL":"chrome://bdwteff/skin/bd128.png","icon64URL":null,"defaultLocale":{"name":"Bitdefender Wallet","description":"BitDefender Wallet","creator":"BitDefender S.R.L.","homepageURL":"http://www.bitdefender.com"},"visible":true,"active":false,"userDisabled":true,"appDisabled":false,"descriptor":"C:\\Program Files\\Bitdefender\\Bitdefender 2017\\antispam32\\bdwteff","installDate":1478171245131,"updateDate":1478171245131,"applyBackgroundUpdates":1,"bootstrap":true,"skinnable":false,"size":410154,"sourceURI":null,"releaseNotesURI":null,"softDisabled":false,"foreignInstall":true,"hasBinaryComponents":false,"strictCompatibility":false,"locales":[],"targetApplications":[{"id":"{ec8030f7-c20a-464f-9b0e-13a3a9e97384}","minVersion":"30.0","maxVersion":"*"}],"targetPlatforms":[],"multiprocessCompatible":true,"signedState":2,"seen":true}
1482941687585	DeferredSave.extensions.json	DEBUG	Save changes
1482941687585	addons.xpi	DEBUG	Updating database with changes to installed add-ons
1482941687586	addons.xpi-utils	DEBUG	Updating add-on states
1482941687593	addons.xpi-utils	DEBUG	Writing add-ons list
1482941687617	addons.xpi	DEBUG	Registering manifest for D:\Software's\Firefox\firefox-sdk\bin\browser\features\e10srollout@mozilla.org.xpi
1482941687621	addons.xpi	DEBUG	Calling bootstrap method startup on e10srollout@mozilla.org version 1.0
1482941687622	addons.xpi	DEBUG	Registering manifest for D:\Software's\Firefox\firefox-sdk\bin\browser\features\firefox@getpocket.com.xpi
1482941687627	addons.xpi	DEBUG	Calling bootstrap method startup on firefox@getpocket.com version 1.0.2
1482941687633	addons.xpi	DEBUG	Registering manifest for D:\Software's\Firefox\firefox-sdk\bin\browser\features\loop@mozilla.org.xpi
1482941687638	addons.xpi	DEBUG	Calling bootstrap method startup on loop@mozilla.org version 1.3.2
1482941687751	addons.manager	DEBUG	Registering shutdown blocker for XPIProvider
1482941687753	addons.manager	DEBUG	Provider finished startup: XPIProvider
1482941687753	addons.manager	DEBUG	Starting provider: LightweightThemeManager
1482941687753	addons.manager	DEBUG	Registering shutdown blocker for LightweightThemeManager
1482941687755	addons.manager	DEBUG	Provider finished startup: LightweightThemeManager
1482941687758	addons.manager	DEBUG	Starting provider: GMPProvider
1482941687806	addons.manager	DEBUG	Registering shutdown blocker for GMPProvider
1482941687807	addons.manager	DEBUG	Provider finished startup: GMPProvider
1482941687807	addons.manager	DEBUG	Starting provider: PluginProvider
1482941687808	addons.manager	DEBUG	Registering shutdown blocker for PluginProvider
1482941687809	addons.manager	DEBUG	Provider finished startup: PluginProvider
1482941687811	addons.manager	DEBUG	Completed startup sequence
1482941690978	addons.manager	DEBUG	Starting provider: <unnamed-provider>
1482941690978	addons.manager	DEBUG	Registering shutdown blocker for <unnamed-provider>
1482941690980	addons.manager	DEBUG	Provider finished startup: <unnamed-provider>
1482941690987	DeferredSave.extensions.json	DEBUG	Write succeeded
1482941690987	addons.xpi-utils	DEBUG	XPI Database saved, setting schema version preference to 17
1482941690988	DeferredSave.extensions.json	DEBUG	Starting timer
1482941691135	DeferredSave.extensions.json	DEBUG	Starting write
1482941691842	addons.repository	DEBUG	No addons.json found.
1482941691844	DeferredSave.addons.json	DEBUG	Save changes
1482941691856	DeferredSave.addons.json	DEBUG	Starting timer
1482941692011	addons.manager	DEBUG	Starting provider: PreviousExperimentProvider
1482941692012	addons.manager	DEBUG	Registering shutdown blocker for PreviousExperimentProvider
1482941692013	addons.manager	DEBUG	Provider finished startup: PreviousExperimentProvider
1482941692039	DeferredSave.addons.json	DEBUG	Starting write
1482941692061	DeferredSave.extensions.json	DEBUG	Write succeeded
1482941692586	DeferredSave.addons.json	DEBUG	Write succeeded

Build info: version: '2.53.0', revision: '35ae25b1534ae328c771e0856c93e187490ca824', time: '2016-03-15 10:43:46'
System info: host: 'Sampath-Lappy', ip: '10.8.0.106', os.name: 'Windows 10', os.arch: 'amd64', os.version: '10.0', java.version: '1.8.0_101'
Driver info: driver.version: FirefoxDriver
	at org.openqa.selenium.firefox.internal.NewProfileExtensionConnection.start(NewProfileExtensionConnection.java:125)
	at org.openqa.selenium.firefox.FirefoxDriver.startClient(FirefoxDriver.java:271)
	at org.openqa.selenium.remote.RemoteWebDriver.<init>(RemoteWebDriver.java:119)
	at org.openqa.selenium.firefox.FirefoxDriver.<init>(FirefoxDriver.java:216)
	at org.openqa.selenium.firefox.FirefoxDriver.<init>(FirefoxDriver.java:211)
	at org.openqa.selenium.firefox.FirefoxDriver.<init>(FirefoxDriver.java:207)
	at example.NewTest.setUp(NewTest.java:22)
	at example.NewTest.beforeTest(NewTest.java:70)
Caused by: org.openqa.selenium.firefox.NotConnectedException: Unable to connect to host 127.0.0.1 on port 7055 after 45000 ms. Firefox console output:
al","version":"4.1.6","type":"extension","internalName":null,"updateURL":null,"updateKey":null,"optionsURL":null,"optionsType":null,"aboutURL":null,"icons":{},"iconURL":"chrome://bdwteff/skin/bd128.png","icon64URL":null,"defaultLocale":{"name":"Bitdefender Wallet","description":"BitDefender Wallet","creator":"BitDefender S.R.L.","homepageURL":"http://www.bitdefender.com"},"visible":true,"active":false,"userDisabled":true,"appDisabled":false,"descriptor":"C:\\Program Files\\Bitdefender\\Bitdefender 2017\\antispam32\\bdwteff","installDate":1478171245131,"updateDate":1478171245131,"applyBackgroundUpdates":1,"bootstrap":true,"skinnable":false,"size":410154,"sourceURI":null,"releaseNotesURI":null,"softDisabled":false,"foreignInstall":true,"hasBinaryComponents":false,"strictCompatibility":false,"locales":[],"targetApplications":[{"id":"{ec8030f7-c20a-464f-9b0e-13a3a9e97384}","minVersion":"30.0","maxVersion":"*"}],"targetPlatforms":[],"multiprocessCompatible":true,"signedState":2,"seen":true}
1482941687585	DeferredSave.extensions.json	DEBUG	Save changes
1482941687585	addons.xpi	DEBUG	Updating database with changes to installed add-ons
1482941687586	addons.xpi-utils	DEBUG	Updating add-on states
1482941687593	addons.xpi-utils	DEBUG	Writing add-ons list
1482941687617	addons.xpi	DEBUG	Registering manifest for D:\Software's\Firefox\firefox-sdk\bin\browser\features\e10srollout@mozilla.org.xpi
1482941687621	addons.xpi	DEBUG	Calling bootstrap method startup on e10srollout@mozilla.org version 1.0
1482941687622	addons.xpi	DEBUG	Registering manifest for D:\Software's\Firefox\firefox-sdk\bin\browser\features\firefox@getpocket.com.xpi
1482941687627	addons.xpi	DEBUG	Calling bootstrap method startup on firefox@getpocket.com version 1.0.2
1482941687633	addons.xpi	DEBUG	Registering manifest for D:\Software's\Firefox\firefox-sdk\bin\browser\features\loop@mozilla.org.xpi
1482941687638	addons.xpi	DEBUG	Calling bootstrap method startup on loop@mozilla.org version 1.3.2
1482941687751	addons.manager	DEBUG	Registering shutdown blocker for XPIProvider
1482941687753	addons.manager	DEBUG	Provider finished startup: XPIProvider
1482941687753	addons.manager	DEBUG	Starting provider: LightweightThemeManager
1482941687753	addons.manager	DEBUG	Registering shutdown blocker for LightweightThemeManager
1482941687755	addons.manager	DEBUG	Provider finished startup: LightweightThemeManager
1482941687758	addons.manager	DEBUG	Starting provider: GMPProvider
1482941687806	addons.manager	DEBUG	Registering shutdown blocker for GMPProvider
1482941687807	addons.manager	DEBUG	Provider finished startup: GMPProvider
1482941687807	addons.manager	DEBUG	Starting provider: PluginProvider
1482941687808	addons.manager	DEBUG	Registering shutdown blocker for PluginProvider
1482941687809	addons.manager	DEBUG	Provider finished startup: PluginProvider
1482941687811	addons.manager	DEBUG	Completed startup sequence
1482941690978	addons.manager	DEBUG	Starting provider: <unnamed-provider>
1482941690978	addons.manager	DEBUG	Registering shutdown blocker for <unnamed-provider>
1482941690980	addons.manager	DEBUG	Provider finished startup: <unnamed-provider>
1482941690987	DeferredSave.extensions.json	DEBUG	Write succeeded
1482941690987	addons.xpi-utils	DEBUG	XPI Database saved, setting schema version preference to 17
1482941690988	DeferredSave.extensions.json	DEBUG	Starting timer
1482941691135	DeferredSave.extensions.json	DEBUG	Starting write
1482941691842	addons.repository	DEBUG	No addons.json found.
1482941691844	DeferredSave.addons.json	DEBUG	Save changes
1482941691856	DeferredSave.addons.json	DEBUG	Starting timer
1482941692011	addons.manager	DEBUG	Starting provider: PreviousExperimentProvider
1482941692012	addons.manager	DEBUG	Registering shutdown blocker for PreviousExperimentProvider
1482941692013	addons.manager	DEBUG	Provider finished startup: PreviousExperimentProvider
1482941692039	DeferredSave.addons.json	DEBUG	Starting write
1482941692061	DeferredSave.extensions.json	DEBUG	Write succeeded
1482941692586	DeferredSave.addons.json	DEBUG	Write succeeded

	at org.openqa.selenium.firefox.internal.NewProfileExtensionConnection.start(NewProfileExtensionConnection.java:113)
	... 29 more
... Removed 22 stack frames]]>
    </failure>
  </testcase> <!-- @BeforeTest beforeTest -->
  <testcase name="@AfterTest afterTest" time="0.0" classname="example.NewTest">
    <skipped/>
  </testcase> <!-- @AfterTest afterTest -->
  <testcase name="No_of_Accounts" time="0.011" classname="example.NewTest">
    <skipped/>
  </testcase> <!-- No_of_Accounts -->
</testsuite> <!-- Test(failed) -->
