<?xml version="1.0" encoding="UTF-8"?>
<!-- Generated by org.testng.reporters.JUnitXMLReporter -->
<testsuite hostname="Sampath-Lappy" name="Default test" tests="75" failures="0" timestamp="2 Jan 2017 20:13:26 GMT" time="279.775" errors="0">
  <testcase name="A1_Navigation_Credit_reports" time="38.262" classname="example.CreditReports_Tests"/>
  <testcase name="Static_Data_Amount_PublicRecords" time="0.429" classname="example.CreditReports_Tests"/>
  <testcase name="Static_Data_Balance_Accounts1" time="0.324" classname="example.CreditReports_Tests"/>
  <testcase name="Static_Data_Balance_Accounts2" time="0.242" classname="example.CreditReports_Tests"/>
  <testcase name="Static_Data_Balance_Accounts3" time="0.283" classname="example.CreditReports_Tests"/>
  <testcase name="Static_Data_Balance_Accounts4" time="0.302" classname="example.CreditReports_Tests"/>
  <testcase name="Static_Data_Balance_Accounts5" time="0.322" classname="example.CreditReports_Tests"/>
  <testcase name="Static_Data_Balance_Accounts6" time="0.282" classname="example.CreditReports_Tests"/>
  <testcase name="Static_Data_Balance_Accounts7" time="0.292" classname="example.CreditReports_Tests"/>
  <testcase name="Static_Data_Balance_Accounts8" time="0.293" classname="example.CreditReports_Tests"/>
  <testcase name="Static_Data_Balance_Collections1" time="0.292" classname="example.CreditReports_Tests"/>
  <testcase name="Static_Data_Balance_Collections2" time="0.284" classname="example.CreditReports_Tests"/>
  <testcase name="Static_Data_Balance_Collections3" time="0.315" classname="example.CreditReports_Tests"/>
  <testcase name="Static_Data_Balance_Collections4" time="0.247" classname="example.CreditReports_Tests"/>
  <testcase name="Static_Data_Credit_Inquiry1" time="0.235" classname="example.CreditReports_Tests"/>
  <testcase name="Static_Data_Credit_Inquiry2" time="0.212" classname="example.CreditReports_Tests"/>
  <testcase name="Static_Data_No_of_Collections" time="0.179" classname="example.CreditReports_Tests"/>
  <testcase name="Static_Data_No_of_Credit_Inquires" time="0.184" classname="example.CreditReports_Tests"/>
  <testcase name="Static_Data_No_of_Open_Accounts" time="0.181" classname="example.CreditReports_Tests"/>
  <testcase name="Static_Data_No_of_Public_Records" time="0.185" classname="example.CreditReports_Tests"/>
  <testcase name="Static_Data_Validation_Name_and_Address" time="0.235" classname="example.CreditReports_Tests"/>
  <testcase name="Static_Data_Validation_closed_under_Open_Accounts" time="0.454" classname="example.CreditReports_Tests"/>
  <testcase name="Static_Data_Validation_personal_Information_For_Current_Address" time="0.352" classname="example.CreditReports_Tests"/>
  <testcase name="Static_Data_Validation_personal_Information_For_Current_Employer" time="0.383" classname="example.CreditReports_Tests"/>
  <testcase name="Static_Data_Validation_personal_Information_For_Previous_Address1" time="0.237" classname="example.CreditReports_Tests"/>
  <testcase name="Static_Data_Validation_personal_Information_For_Previous_Address2" time="0.285" classname="example.CreditReports_Tests"/>
  <testcase name="Zstatic_Validation_A1_AA_Credit_Card_NAVY_FCU_under_Accounts" time="1.99" classname="example.CreditReports_Tests"/>
  <testcase name="Zstatic_Validation_A1_Credit_Card_NAVYFCU_Account_Disputed" time="0.278" classname="example.CreditReports_Tests"/>
  <testcase name="Zstatic_Validation_A1_Credit_Card_NAVYFCU_Account_Number" time="0.199" classname="example.CreditReports_Tests"/>
  <testcase name="Zstatic_Validation_A1_Credit_Card_NAVYFCU_Account_Type" time="0.164" classname="example.CreditReports_Tests"/>
  <testcase name="Zstatic_Validation_A1_Credit_Card_NAVYFCU_Amount_Past_Due" time="0.156" classname="example.CreditReports_Tests"/>
  <testcase name="Zstatic_Validation_A1_Credit_Card_NAVYFCU_Credit_Limit" time="0.152" classname="example.CreditReports_Tests"/>
  <testcase name="Zstatic_Validation_A1_Credit_Card_NAVYFCU_Creditor_info" time="0.175" classname="example.CreditReports_Tests"/>
  <testcase name="Zstatic_Validation_A1_Credit_Card_NAVYFCU_Date_Opened" time="0.161" classname="example.CreditReports_Tests"/>
  <testcase name="Zstatic_Validation_A1_Credit_Card_NAVYFCU_Highest_Balance" time="0.164" classname="example.CreditReports_Tests"/>
  <testcase name="Zstatic_Validation_A1_Credit_Card_NAVYFCU_Last_Reported" time="0.183" classname="example.CreditReports_Tests"/>
  <testcase name="Zstatic_Validation_A1_Credit_Card_NAVYFCU_Payment_History" time="0.209" classname="example.CreditReports_Tests"/>
  <testcase name="Zstatic_Validation_A1_Credit_Card_NAVYFCU_Remarks" time="0.165" classname="example.CreditReports_Tests"/>
  <testcase name="Zstatic_Validation_A1_Credit_Card_NAVYFCU_Responsibility" time="0.267" classname="example.CreditReports_Tests"/>
  <testcase name="Zstatic_Validation_A2_Collections_AA_LVNV_FUNDING" time="1.376" classname="example.CreditReports_Tests"/>
  <testcase name="Zstatic_Validation_A2_Collections_Collections_LVNV_FUNDING1" time="0.213" classname="example.CreditReports_Tests"/>
  <testcase name="Zstatic_Validation_A2_Collections_Collections_LVNV_FUNDING2" time="0.178" classname="example.CreditReports_Tests"/>
  <testcase name="Zstatic_Validation_A2_Collections_Collections_MED_DATA_SYS" time="0.207" classname="example.CreditReports_Tests"/>
  <testcase name="Zstatic_Validation_A2_Collections_LVNV_FUNDING_Account_Condition" time="0.282" classname="example.CreditReports_Tests"/>
  <testcase name="Zstatic_Validation_A2_Collections_LVNV_FUNDING_Account_Disputed" time="0.167" classname="example.CreditReports_Tests"/>
  <testcase name="Zstatic_Validation_A2_Collections_LVNV_FUNDING_Account_Number" time="0.183" classname="example.CreditReports_Tests"/>
  <testcase name="Zstatic_Validation_A2_Collections_LVNV_FUNDING_Balance" time="0.152" classname="example.CreditReports_Tests"/>
  <testcase name="Zstatic_Validation_A2_Collections_LVNV_FUNDING_Creditorinfo" time="0.154" classname="example.CreditReports_Tests"/>
  <testcase name="Zstatic_Validation_A2_Collections_LVNV_FUNDING_Highest_Balance" time="0.152" classname="example.CreditReports_Tests"/>
  <testcase name="Zstatic_Validation_A2_Collections_LVNV_FUNDING_LAST_REPORTED" time="0.149" classname="example.CreditReports_Tests"/>
  <testcase name="Zstatic_Validation_A2_Collections_LVNV_FUNDING_Original_Creditor" time="0.158" classname="example.CreditReports_Tests"/>
  <testcase name="Zstatic_Validation_A2_Collections_LVNV_FUNDING_Remarks" time="0.155" classname="example.CreditReports_Tests"/>
  <testcase name="Zstatic_Validation_A2_Collections_LVNV_FUNDING_Responsibility" time="0.364" classname="example.CreditReports_Tests"/>
  <testcase name="Zstatic_Validation_A2_Collections_Personal_Information_for_Names_Reported" time="0.259" classname="example.CreditReports_Tests"/>
  <testcase name="Zstatic_Validation_A3_Credit_Inquiries_BRCLYSBANKDE" time="2.127" classname="example.CreditReports_Tests"/>
  <testcase name="Zstatic_Validation_A3_Credit_Inquiries_QUICKEN_LOAN_ESTIMATED_REMOVAL_DATE" time="1.888" classname="example.CreditReports_Tests"/>
  <testcase name="Zstatic_Validation_A3_Credit_Inquiries_QUICKEN_LOAN_INQUIRER_CONTACT_DETAILS" time="1.922" classname="example.CreditReports_Tests"/>
  <testcase name="Zstatic_Validation_A3_Credit_Inquries_QUICKEN_LOAN_DATE" time="2.445" classname="example.CreditReports_Tests"/>
  <testcase name="Zstatic_Validation_A3_Credit_Inquries_QUICKEN_LOAN_TYPE" time="2.499" classname="example.CreditReports_Tests"/>
  <testcase name="Zstatic_Validation_A4_Public_Records_LIEN_Recoder_Of_Deeds_Contact_Details" time="2.48" classname="example.CreditReports_Tests"/>
  <testcase name="Zstatic_Validation_A4_Public_Records_LIEN_Recoder_Of_Deeds_DateFiled" time="3.517" classname="example.CreditReports_Tests"/>
  <testcase name="Zstatic_Validation_A4_Public_Records_LIEN_Recoder_Of_Deeds_Status" time="2.615" classname="example.CreditReports_Tests"/>
  <testcase name="Zstatic_Validation_A4_Public_Records_TAX_LIEN_Recoder_Of_Deeds" time="2.577" classname="example.CreditReports_Tests"/>
  <testcase name="Zstatic_Validation_A4_Public_Records_TAX_LIEN_Recoder_Of_Deeds_Date_Closed" time="2.642" classname="example.CreditReports_Tests"/>
  <testcase name="Zstatic_Validation_A4_Public_Records_TAX_LIEN_Recoder_Of_Deeds_Reference_Number" time="3.082" classname="example.CreditReports_Tests"/>
  <testcase name="Balance_BK_OF_AMER" time="0.818" classname="example.Dashboard_Test"/>
  <testcase name="Balance_CAR_LOAN_NAVY_FCU" time="0.341" classname="example.Dashboard_Test"/>
  <testcase name="Balance_CAR_LOAN_NAVY_FCU1" time="0.301" classname="example.Dashboard_Test"/>
  <testcase name="Balance_LINE_OF_CREDIT_BENFCL_HFC" time="0.298" classname="example.Dashboard_Test"/>
  <testcase name="Balance_LINE_OF_CREDIT_NAVY_FCU" time="0.275" classname="example.Dashboard_Test"/>
  <testcase name="Balance_LVNV_FUNDING" time="0.323" classname="example.Dashboard_Test"/>
  <testcase name="Balance_LVNV_FUNDING_1" time="0.353" classname="example.Dashboard_Test"/>
  <testcase name="Balance_MED_DATA_SYS" time="0.332" classname="example.Dashboard_Test"/>
  <testcase name="Balance_MIL_STAR" time="0.293" classname="example.Dashboard_Test"/>
  <testcase name="Balance_SECURED_NAVY_FCU" time="0.271" classname="example.Dashboard_Test"/>
</testsuite> <!-- Default test -->
